<?xml version="1.0" encoding="UTF-8"?>
<testsuite xmlns:xsi="http://www.w3.org/2001/XMLSchema-instance" xsi:noNamespaceSchemaLocation="https://maven.apache.org/surefire/maven-surefire-plugin/xsd/surefire-test-report-3.0.xsd" version="3.0" name="com.b2b.dao.InvoiceDAOTest" time="1.227" tests="1" errors="0" skipped="0" failures="0">
  <properties>
[...]
</properties>
  <testcase name="testSaveAndGetInvoice" classname="com.b2b.dao.InvoiceDAOTest" time="1.226">
    <system-out><![CDATA[Hibernate: insert into Customer (industry, name, revenue) values (?, ?, ?)
Hibernate: insert into Invoice (amount, currency, customer_id, invoiceNumber) values (?, ?, ?, ?)
✅ Invoice saved to DB successfully
Hibernate: select invoice0_.id as id1_1_0_, invoice0_.amount as amount2_1_0_, invoice0_.currency as currency3_1_0_, invoice0_.customer_id as customer5_1_0_, invoice0_.invoiceNumber as invoicen4_1_0_, customer1_.id as id1_0_1_, customer1_.industry as industry2_0_1_, customer1_.name as name3_0_1_, customer1_.revenue as revenue4_0_1_ from Invoice invoice0_ left outer join Customer customer1_ on invoice0_.customer_id=customer1_.id where invoice0_.id=?
]]></system-out>
    <system-err><![CDATA[Apr 12, 2025 8:18:31 PM org.hibernate.Version logVersion
INFO: HHH000412: Hibernate ORM core version 5.6.15.Final
Apr 12, 2025 8:18:31 PM org.hibernate.boot.jaxb.internal.stax.LocalXmlResourceResolver resolveEntity
WARN: HHH90000012: Recognized obsolete hibernate namespace http://hibernate.sourceforge.net/hibernate-configuration. Use namespace http://www.hibernate.org/dtd/hibernate-configuration instead.  Support for obsolete DTD/XSD namespaces may be removed at any time.
Apr 12, 2025 8:18:31 PM org.hibernate.annotations.common.reflection.java.JavaReflectionManager <clinit>
INFO: HCANN000001: Hibernate Commons Annotations {5.1.2.Final}
Apr 12, 2025 8:18:31 PM org.hibernate.engine.jdbc.connections.internal.DriverManagerConnectionProviderImpl configure
WARN: HHH10001002: Using Hibernate built-in connection pool (not for production use!)
Apr 12, 2025 8:18:31 PM org.hibernate.engine.jdbc.connections.internal.DriverManagerConnectionProviderImpl buildCreator
INFO: HHH10001005: using driver [com.mysql.cj.jdbc.Driver] at URL [jdbc:mysql://localhost:3306/b2b_credit_db]
Apr 12, 2025 8:18:31 PM org.hibernate.engine.jdbc.connections.internal.DriverManagerConnectionProviderImpl buildCreator
INFO: HHH10001001: Connection properties: {user=root, password=****}
Apr 12, 2025 8:18:31 PM org.hibernate.engine.jdbc.connections.internal.DriverManagerConnectionProviderImpl buildCreator
INFO: HHH10001003: Autocommit mode: false
Apr 12, 2025 8:18:31 PM org.hibernate.engine.jdbc.connections.internal.DriverManagerConnectionProviderImpl$PooledConnections <init>
INFO: HHH000115: Hibernate connection pool size: 20 (min=1)
Apr 12, 2025 8:18:32 PM org.hibernate.dialect.Dialect <init>
INFO: HHH000400: Using dialect: org.hibernate.dialect.MySQL8Dialect
Apr 12, 2025 8:18:32 PM org.hibernate.resource.transaction.backend.jdbc.internal.DdlTransactionIsolatorNonJtaImpl getIsolatedConnection
INFO: HHH10001501: Connection obtained from JdbcConnectionAccess [org.hibernate.engine.jdbc.env.internal.JdbcEnvironmentInitiator$ConnectionProviderJdbcConnectionAccess@297c9a9b] for (non-JTA) DDL execution was not in auto-commit mode; the Connection 'local transaction' will be committed and the Connection will be set into auto-commit mode.
Apr 12, 2025 8:18:32 PM org.hibernate.engine.transaction.jta.platform.internal.JtaPlatformInitiator initiateService
INFO: HHH000490: Using JtaPlatform implementation: [org.hibernate.engine.transaction.jta.platform.internal.NoJtaPlatform]
]]></system-err>
  </testcase>
</testsuite>